f:\ppt\rtc 头条\homework\code\rtcdemo\x64\debug\rtcdemo.pch
f:\ppt\rtc 头条\homework\code\rtcdemo\x64\debug\vc142.pdb
f:\ppt\rtc 头条\homework\code\rtcdemo\x64\debug\vc142.idb
f:\ppt\rtc 头条\homework\code\rtcdemo\x64\debug\pch.obj
f:\ppt\rtc 头条\homework\code\rtcdemo\x64\debug\rtcdemodlg.obj
f:\ppt\rtc 头条\homework\code\rtcdemo\x64\debug\rtcdemo.obj
f:\ppt\rtc 头条\homework\code\rtcdemo\x64\debug\cchatdialog.obj
f:\ppt\rtc 头条\homework\code\x64\debug\rtcdemo.ilk
f:\ppt\rtc 头条\homework\code\x64\debug\rtcdemo.exe
f:\ppt\rtc 头条\homework\code\x64\debug\rtcdemo.pdb
f:\ppt\rtc 头条\homework\code\rtcdemo\x64\debug\rtcdemo.res
f:\ppt\rtc 头条\homework\code\rtcdemo\x64\debug\rtcdemo.tlog\cl.command.1.tlog
f:\ppt\rtc 头条\homework\code\rtcdemo\x64\debug\rtcdemo.tlog\cl.read.1.tlog
f:\ppt\rtc 头条\homework\code\rtcdemo\x64\debug\rtcdemo.tlog\cl.write.1.tlog
f:\ppt\rtc 头条\homework\code\rtcdemo\x64\debug\rtcdemo.tlog\link.command.1.tlog
f:\ppt\rtc 头条\homework\code\rtcdemo\x64\debug\rtcdemo.tlog\link.read.1.tlog
f:\ppt\rtc 头条\homework\code\rtcdemo\x64\debug\rtcdemo.tlog\link.write.1.tlog
f:\ppt\rtc 头条\homework\code\rtcdemo\x64\debug\rtcdemo.tlog\rc.command.1.tlog
f:\ppt\rtc 头条\homework\code\rtcdemo\x64\debug\rtcdemo.tlog\rc.read.1.tlog
f:\ppt\rtc 头条\homework\code\rtcdemo\x64\debug\rtcdemo.tlog\rc.write.1.tlog
